0:100  0:100  MemLog inited, TSC freq: 3696510540
0:100  0:000  CPU was calibrated with RTC
0:100  0:000  
0:100  0:000  Now is 26.03.2020,  08:30:53 (GMT)
0:100  0:000  Starting Clover revision: 5107 (master, commit a3f3053c3) on American Megatrends EFI
0:100  0:000  Build with: [Args: -D NO_GRUB_DRIVERS_EMBEDDED -t GCC53 | -D NO_GRUB_DRIVERS_EMBEDDED --conf=/Users/sergey/src/CloverHackyColor/Conf -D USE_LOW_EBDA -a X64 -b RELEASE -t GCC53 -n 5 | OS: 10.14.6]
0:100  0:000  SelfDevicePath=PciRoot(0x0)\Pci(0x17,0x0)\Sata(0x0,0xFFFF,0x0)\HD(1,GPT,8DE65563-66C4-4285-BB53-EFC401DBCC06,0x22,0xC8000) @366A7498
0:100  0:000  SelfDirPath = \EFI\BOOT
0:101  0:001  Clover : Image base = 0x2F8CD000
0:749  0:648  SimpleTextEx Status=Success
0:749  0:000  === [ Get Smbios ] ==============================
0:749  0:000  Type 16 Index = 0
0:749  0:000  Total Memory Slots Count = 4
0:749  0:000  Type 17 Index = 0
0:749  0:000  Ignoring insane frequency value 0MHz
0:749  0:000  SmbiosTable.Type17->Speed = 0MHz
0:749  0:000  SmbiosTable.Type17->Size = 0MB
0:749  0:000  SmbiosTable.Type17->Bank/Device = BANK 0 ChannelA-DIMM0
0:749  0:000  SmbiosTable.Type17->Vendor = <null string>
0:749  0:000  SmbiosTable.Type17->SerialNumber = <null string>
0:749  0:000  SmbiosTable.Type17->PartNumber = <null string>
0:749  0:000  Type 17 Index = 1
0:749  0:000  SmbiosTable.Type17->Speed = 2667MHz
0:749  0:000  SmbiosTable.Type17->Size = 8192MB
0:749  0:000  SmbiosTable.Type17->Bank/Device = BANK 1 ChannelA-DIMM1
0:749  0:000  SmbiosTable.Type17->Vendor = 029E
0:749  0:000  SmbiosTable.Type17->SerialNumber = 00000000
0:749  0:000  SmbiosTable.Type17->PartNumber = CM4X8GF2666C16K2    
0:749  0:000  Type 17 Index = 2
0:749  0:000  Ignoring insane frequency value 0MHz
0:749  0:000  SmbiosTable.Type17->Speed = 0MHz
0:749  0:000  SmbiosTable.Type17->Size = 0MB
0:749  0:000  SmbiosTable.Type17->Bank/Device = BANK 2 ChannelB-DIMM0
0:749  0:000  SmbiosTable.Type17->Vendor = <null string>
0:749  0:000  SmbiosTable.Type17->SerialNumber = <null string>
0:749  0:000  SmbiosTable.Type17->PartNumber = <null string>
0:749  0:000  Type 17 Index = 3
0:749  0:000  SmbiosTable.Type17->Speed = 2667MHz
0:749  0:000  SmbiosTable.Type17->Size = 8192MB
0:749  0:000  SmbiosTable.Type17->Bank/Device = BANK 3 ChannelB-DIMM1
0:749  0:000  SmbiosTable.Type17->Vendor = 029E
0:749  0:000  SmbiosTable.Type17->SerialNumber = 00000000
0:749  0:000  SmbiosTable.Type17->PartNumber = CM4X8GF2666C16K2    
0:749  0:000  Boot status=0
0:749  0:000  Running on: 'MS-7C24' with board 'Z390M-S01 (MS-7C24)'
0:749  0:000  === [ GetCPUProperties ] ========================
0:749  0:000  CPU Vendor = 756E6547 Model=906ED
0:749  0:000   The CPU supported SSE4.1
0:749  0:000  BrandString = Intel(R) Core(TM) i5-9600K CPU @ 3.70GHz
0:749  0:000   The CPU supported turbo
0:749  0:000  MSR 0x35               60006
0:749  0:000   TSC/CCC Information Leaf:
0:749  0:000    numerator     : 308
0:749  0:000    denominator   : 2
0:749  0:000   Calibrated ARTFrequency: 24003315
0:749  0:000   Rounded ARTFrequency: 24000000
0:749  0:000  MSR 0xE2 before patch 1E008000
0:749  0:000  MSR 0xE2 is locked, PM patches will be turned on
0:749  0:000  MSR 0xCE              08080838_F1012500
0:749  0:000  corrected FLEX_RATIO = E0000
0:749  0:000  FSBFrequency = 100 MHz, DMI FSBFrequency = 100 MHz, Corrected FSBFrequency = 100 MHz
0:749  0:000  MaxDiv/MinDiv: 37.0/8
0:749  0:000  Turbo: 44/45/45/46
0:749  0:000  Features: 0xBFEBFBFF
0:749  0:000  Threads: 6
0:749  0:000  Cores: 6
0:749  0:000  FSB: 100 MHz
0:749  0:000  CPU: 3700 MHz
0:749  0:000  TSC: 3700 MHz
0:749  0:000  PIS: 100 MHz
0:749  0:000  ExternalClock: 25 MHz
0:749  0:000  === [ GetDevices ] ==============================
0:749  0:000  GOP found at: PciRoot(0x0)/Pci(0x2,0x0)/AcpiAdr(0x80010100)
0:749  0:000  PCI (00|00:00.00) : 8086 3EC2 class=060000
0:749  0:000  PCI (00|00:02.00) : 8086 3E98 class=030000
0:749  0:000   - GOP: Provided by device
0:749  0:000   - GFX: Model=Intel UHD Graphics 630 (Intel)
0:749  0:000  PCI (00|00:08.00) : 8086 1911 class=088000
0:749  0:000  PCI (00|00:12.00) : 8086 A379 class=118000
0:749  0:000  PCI (00|00:14.00) : 8086 A36D class=0C0330
0:749  0:000  PCI (00|00:14.02) : 8086 A36F class=050000
0:749  0:000  PCI (00|00:16.00) : 8086 A360 class=078000
0:749  0:000  PCI (00|00:17.00) : 8086 A352 class=010601
0:749  0:000  PCI (00|00:1B.00) : 8086 A340 class=060400
0:749  0:000  PCI (00|00:1B.04) : 8086 A32C class=060400
0:749  0:000  PCI (00|00:1C.00) : 8086 A338 class=060400
0:749  0:000  PCI (00|00:1C.04) : 8086 A33C class=060400
0:749  0:000  PCI (00|04:00.00) : 10EC 8168 class=020000
0:750  0:000   - LAN: 0 Vendor=Realtek
0:750  0:000  PCI (00|00:1F.00) : 8086 A305 class=060100
0:750  0:000  PCI (00|00:1F.03) : 8086 A348 class=040300
0:750  0:000  PCI (00|00:1F.04) : 8086 A323 class=0C0500
0:750  0:000  PCI (00|00:1F.05) : 8086 A324 class=0C8000
0:750  0:000  === [ GetDefaultSettings ] ======================
0:750  0:000  Clover load options size = 0 bytes
0:751  0:001  CheckOEMPathExists tried EFI\CLOVER\OEM\MS-7C24--00-00-00-00-00-00. Dir not exists
0:752  0:000  CheckOEMPathExists tried EFI\CLOVER\OEM\Z390M-S01 (MS-7C24)\UEFI. Dir not exists
0:752  0:000  CheckOEMPathExists tried EFI\CLOVER\OEM\MS-7C24. Dir not exists
0:753  0:000  CheckOEMPathExists tried EFI\CLOVER\OEM\MS-7C24-3700. Dir not exists
0:753  0:000  CheckOEMPathExists tried EFI\CLOVER\OEM\Z390M-S01 (MS-7C24). Dir not exists
0:754  0:000  CheckOEMPathExists tried EFI\CLOVER\OEM\Z390M-S01 (MS-7C24)-3700. Dir not exists
0:754  0:000  set OEMPath by default: EFI\CLOVER
0:759  0:004  EFI\CLOVER\config.plist loaded: Success
0:759  0:000  === [ GetListOfThemes ] =========================
0:760  0:001  - [00]: Catalina
0:762  0:002  - [01]: ROG
0:765  0:002  - [02]: SimpleThemeDark
0:767  0:002  - [03]: random
0:770  0:002  - [03]: embedded
0:773  0:002  === [ Found config plists ] =====================
0:774  0:001  - config.plist
0:774  0:000  === [ GetEarlyUserSettings ] ====================
0:774  0:000  timeout set to 5
0:775  0:000  Custom boot CUSTOM_BOOT_DISABLED (0x0)
0:775  0:000  ForceKextsToLoad: 1 requested
0:775  0:000   - [0]: System\Library\Extensions\IONetworkingFamily.kext
0:775  0:000  KextsToPatch: 13 requested
0:775  0:000   - [00]: com.apple.driver.usb.AppleUSBXHCI (disable port limit in XHCI kext (credit PMHeart)) :: MatchOS: 10.13.4,10.13.5,10.13.6 :: BinPatch :: data len: 10
0:775  0:000   - [01]: com.apple.driver.usb.AppleUSBXHCI (disable port limit in XHCI kext (credit PMHeart)) :: MatchOS: 10.14.x :: BinPatch :: data len: 9
0:775  0:000   - [02]: IOUSBHostFamily (X299 Z270/370/390) :: MatchOS: 10.14.x :: BinPatch :: data len: 10
0:775  0:000   - [03]: com.apple.driver.usb.AppleUSBXHCI (X299 Z270/370/390) :: MatchOS: 10.14.x :: BinPatch :: data len: 11
0:775  0:000   - [04]: com.apple.driver.usb.AppleUSBXHCI (NoLabel) :: MatchOS: 10.13.6 :: BinPatch :: data len: 10
0:775  0:000   - [05]: com.apple.iokit.IOUSBHostFamily (USB Port Limit Patch 1 ©ydeng) :: MatchOS: 10.14.x :: BinPatch :: data len: 4
0:775  0:000   - [06]: com.apple.iokit.IOUSBHostFamily (USB Port Limit Patch 3 ©ydeng) :: MatchOS: 10.14.x :: BinPatch :: data len: 4
0:775  0:000   - [07]: com.apple.driver.usb.AppleUSBXHCI (USB Port Limit Patch 2 ©ydeng) :: MatchOS: 10.14.x :: BinPatch :: data len: 4
0:775  0:000   - [08]: com.apple.driver.usb.AppleUSBXHCI (NoLabel) :: MatchOS: 10.14.x :: BinPatch :: data len: 4
0:775  0:000   - [09]: com.apple.driver.usb.AppleUSBXHCI (USB Port Limit Patch 2 ©PMHeart) :: MatchOS: 10.14.x :: BinPatch :: data len: 10
0:775  0:000   - [10]: IOGraphicsFamily (10.12) :: BinPatch :: data len: 5
0:775  0:000   - patch disabled at config
0:775  0:000   - [11]: IOAHCIBlockStorage (Enable TRIM for SSD) :: BinPatch :: data len: 11
0:775  0:000   - [12]: AppleAHCIPort (Orange Disk) :: BinPatch :: data len: 8
0:775  0:000   - patch disabled at config
0:775  0:000  KernelToPatch: 2 requested
0:775  0:000   - [00]: NoLabel :: MatchOS: 10.13 :: data len: 6
0:775  0:000   - [01]: NoLabel :: MatchOS: 10.13 :: data len: 6
0:775  0:000  Default theme: Catalina
0:775  0:000  Hiding entries with string Preboot
0:775  0:000  Hiding entries with string Recovery
0:775  0:000  === [ LoadDrivers ] =============================
0:778  0:003  Loading ApfsDriverLoader.efi  status=Success
0:782  0:004   - driver needs connecting
0:782  0:000  Loading AudioDxe.efi  status=Success
0:786  0:003   - driver needs connecting
0:786  0:000  Loading DataHubDxe.efi  status=Success
0:790  0:003  Loading EmuVariableUefi.efi  status=Success
0:793  0:003  EmuVariableUefi Initialize: VariableCommonInitialize = Success, orig services stored, install gEmuVariableControlProtocolGuid = Success
0:794  0:000  Loading FSInject.efi  status=Success
0:797  0:003  Loading HFSPlus-64.efi  status=Success
0:800  0:003   - driver needs connecting
0:800  0:000  Loading NTFS.efi  status=Success
0:804  0:003   - driver needs connecting
0:804  0:000  Loading NvmExpressDxe.efi  status=Success
0:806  0:002   - driver needs connecting
0:806  0:000  Loading OsxAptioFix2Drv-free2000.efi  status=Success
0:810  0:003  Loading PartitionDxe.efi  status=Success
0:812  0:002   - driver needs connecting
0:812  0:000  Loading SMCHelper.efi  status=Success
0:815  0:002  Loading VBoxExt4.efi  status=Success
0:818  0:002   - driver needs connecting
0:818  0:000  7 drivers needs connecting ...
0:818  0:000  PlatformDriverOverrideProtocol not found. Installing ... Success
0:818  0:000  Partition driver loaded: 
0:818  0:000  HFS+ driver loaded
0:818  0:000  APFS driver loaded
0:818  0:000  Searching for invalid DiskIo BY_DRIVER connects: not found, all ok
5:893  5:075  EmuVariable InstallEmulation: orig vars copied, emu.var.services installed, CreateEvent VirtualAddressChange = Success, CreateEvent ExitBootServices = Success, set Status=Success
5:934  0:040  === [ InitScreen ] ==============================
5:934  0:000  Console modes reported: 4, available modes:
5:934  0:000   - [01]: 80x25
5:934  0:000   - [02]: 80x50
5:934  0:000   - [03]: 100x31
5:934  0:000   - [04]: 128x40 (current mode)
5:934  0:000  SetMaxResolution: found best mode 4: 1920x1080
5:934  0:000   - already set
5:934  0:000  reinit: self device path=PciRoot(0x0)\Pci(0x17,0x0)\Sata(0x0,0xFFFF,0x0)\HD(1,GPT,8DE65563-66C4-4285-BB53-EFC401DBCC06,0x22,0xC8000)
5:934  0:000  new SelfHandle=366A7498
5:935  0:001  === [ GetMacAddress ] ===========================
5:935  0:000  MAC address of LAN #0= 00:D8:61:32:7F:01:
5:935  0:000  MAC address of LAN #1= 00:D8:61:32:7F:01:
5:935  0:000  MAC address of LAN #2= 00:D8:61:32:7F:01:
5:935  0:000  MAC address of LAN #3= 00:D8:61:32:7F:01:
5:935  0:000  === [ ScanSPD ] =================================
5:936  0:000  Scanning SMBus [8086:A323], mmio: 0x52C18004, ioport: 0xEFA0, hostc: 0x1
5:954  0:018  Slot: 1 Type 26 8192MB 2666MHz Vendor=Corsair PartNo=CM4X8GF2666C16K2 SerialNo=0000000000000000
5:973  0:018  Slot: 3 Type 26 8192MB 2666MHz Vendor=Corsair PartNo=CM4X8GF2666C16K2 SerialNo=0000000000000000
5:974  0:000  === [ GetAcpiTablesList ] =======================
5:974  0:000  Get Acpi Tables List from RSDT:
5:974  0:000   - [00]: FACP  A M I  len=132
5:974  0:000   - [01]: APIC  A M I  len=160
5:974  0:000   - [02]: FPDT  A M I  len=68
5:974  0:000   - [03]: FIDT  A M I len=156
5:974  0:000   - [04]: MCFG  A M I  len=60
5:974  0:000   - [05]: SSDT  CpuSsdt len=7007
5:974  0:000   - [06]: SSDT  SaSsdt  len=12742
5:974  0:000   - [07]: HPET  A M I  len=56
5:974  0:000   - [08]: SSDT  Ther_Rvp len=4014
5:974  0:000   - [09]: SSDT  xh_cfsd4 len=12242
5:974  0:000   - [10]: UEFI  A M I  len=66
5:974  0:000   - [11]: LPIT  A M I  len=148
5:974  0:000   - [12]: SSDT  PtidDevc len=10206
5:974  0:000   - [13]: SSDT  TbtTypeC len=5346
5:974  0:000   - [14]: DBGP  A M I  len=52
5:974  0:000   - [15]: DBG2  A M I  len=84
5:974  0:000   - [16]: SSDT  UsbCTabl len=7015
5:974  0:000   - [17]: SSDT  ADebTabl len=324
5:974  0:000   - [18]: BGRT  A M I  len=56
5:974  0:000   - [19]: WSMT  A M I  len=40
5:974  0:000  Calibrated TSC Frequency = 3696510540 = 3696MHz
5:974  0:000  === [ GetUserSettings ] =========================
5:974  0:000  Add 2 devices (kTagTypeDict):
5:974  0:000  USB FixOwnership: yes
5:974  0:000  Dropping 3 tables:
5:974  0:000   - [00]: Drop table  signature="MATS" (5354414D)
5:974  0:000           - set table: 5354414D,                0 to drop: no
5:974  0:000   - [01]: Drop table  signature="DMAR" (52414D44)
5:974  0:000           - set table: 52414D44,                0 to drop: no
5:974  0:000   - [02]: Drop table  signature="BGRT" (54524742)
5:974  0:000           - set table: 54524742,                0 to drop: yes
5:974  0:000   - final DSDT Fix mask=00000000
5:974  0:000  PatchesDSDT: 8 requested
5:974  0:000   - [00]: (change _OSI to XOSI) lenToFind: 8, lenToReplace: 8, Target Bridge: <null string>
5:974  0:000   - [01]: (change EHC1 to EH01) lenToFind: 4, lenToReplace: 4, Target Bridge: <null string>
5:974  0:000    patch disabled at config
5:974  0:000   - [02]: (change EHC2 to EH02) lenToFind: 4, lenToReplace: 4, Target Bridge: <null string>
5:974  0:000    patch disabled at config
5:974  0:000   - [03]: (change HDAS to HDEF) lenToFind: 4, lenToReplace: 4, Target Bridge: <null string>
5:974  0:000    patch disabled at config
5:974  0:000   - [04]: (change HECI to IMEI) lenToFind: 4, lenToReplace: 4, Target Bridge: <null string>
5:974  0:000    patch disabled at config
5:974  0:000   - [05]: (change MEI to IMEI) lenToFind: 4, lenToReplace: 4, Target Bridge: <null string>
5:974  0:000    patch disabled at config
5:974  0:000   - [06]: (_STA  to XSTA) lenToFind: 4, lenToReplace: 4, Target Bridge: RTC_  toptalA
5:974  0:000   - [07]: (change GFX0 to IGPU) lenToFind: 4, lenToReplace: 4, Target Bridge: <null string>
5:974  0:000  PluginType: 1
5:974  0:000  Using ProductName from config: Macmini8,1
5:974  0:000  Using latest BiosVersion from config
5:974  0:000  BiosVersion: MM81.88Z.F000.B00.1809171422
5:974  0:000  BiosReleaseDate: 09/17/2018
5:974  0:000  Using latest EfiVersion from clover: 1037.100.355.0.0
5:974  0:000  Using FirmwareFeatures from config: 0xFC0FE137
5:974  0:000  Using FirmwareFeaturesMask from config: 0xFF1FFF3F
5:974  0:000  Board-ID set from config as Mac-7BA5B2DFE22DDD8C
5:974  0:000  BoardType: 0xA
5:974  0:000  ChassisType: 0x9
5:976  0:002  === [ Found DSDT tables ] =======================
6:379  0:402  === [ ScanVolumes ] =============================
6:379  0:000  Found 10 volumes with blockIO
6:379  0:000  - [00]: Volume: PciRoot(0x0)\Pci(0x17,0x0)\Sata(0x0,0xFFFF,0x0)
6:379  0:000  - [01]: Volume: PciRoot(0x0)\Pci(0x17,0x0)\Sata(0x1,0xFFFF,0x0)
6:380  0:000  - [02]: Volume: PciRoot(0x0)\Pci(0x17,0x0)\Sata(0x0,0xFFFF,0x0)\HD(1,GPT,8DE65563-66C4-4285-BB53-EFC401DBCC06,0x22,0xC8000)
6:381  0:000          Result of bootcode detection: bootable Windows (win)
6:387  0:006          This is SelfVolume !!
6:387  0:000  - [03]: Volume: PciRoot(0x0)\Pci(0x17,0x0)\Sata(0x0,0xFFFF,0x0)\HD(2,GPT,BCA314D4-5F2A-43BF-9598-FA3CA108A0BF,0xC8800,0x3A2BD808)
6:387  0:000          Result of bootcode detection: bootable unknown (legacy)
6:387  0:000  - [04]: Volume: PciRoot(0x0)\Pci(0x17,0x0)\Sata(0x1,0xFFFF,0x0)\HD(1,GPT,F6D560B0-5A49-4B2D-92DE-BBE1FC463C34,0x28,0x64000)
6:388  0:000          Result of bootcode detection: bootable unknown (legacy)
6:389  0:001  - [05]: Volume: PciRoot(0x0)\Pci(0x17,0x0)\Sata(0x1,0xFFFF,0x0)\HD(2,GPT,A40EABE6-6622-4393-9D34-338878119653,0x64028,0x746A2D60)
6:390  0:000          Result of bootcode detection: bootable unknown (legacy)
6:390  0:000  - [06]: Volume: PciRoot(0x0)\Pci(0x17,0x0)\Sata(0x0,0xFFFF,0x0)\HD(2,GPT,BCA314D4-5F2A-43BF-9598-FA3CA108A0BF,0xC8800,0x3A2BD808)\VenMedia(BE74FCF7-0B7C-49F3-9147-01F4042E6842,898BDC1917E5DF4889C678929E470BA9)
6:390  0:000          hiding this volume
6:390  0:000  - [07]: Volume: PciRoot(0x0)\Pci(0x17,0x0)\Sata(0x0,0xFFFF,0x0)\HD(2,GPT,BCA314D4-5F2A-43BF-9598-FA3CA108A0BF,0xC8800,0x3A2BD808)\VenMedia(BE74FCF7-0B7C-49F3-9147-01F4042E6842,A5AF435AE40F2F4FADC7305B5467A638)
6:390  0:000  - [08]: Volume: PciRoot(0x0)\Pci(0x17,0x0)\Sata(0x0,0xFFFF,0x0)\HD(2,GPT,BCA314D4-5F2A-43BF-9598-FA3CA108A0BF,0xC8800,0x3A2BD808)\VenMedia(BE74FCF7-0B7C-49F3-9147-01F4042E6842,9B8CA27DC3D7AC459B1A3D15FF7F5D7D)
6:390  0:000          hiding this volume
6:390  0:000  - [09]: Volume: PciRoot(0x0)\Pci(0x17,0x0)\Sata(0x0,0xFFFF,0x0)\HD(2,GPT,BCA314D4-5F2A-43BF-9598-FA3CA108A0BF,0xC8800,0x3A2BD808)\VenMedia(BE74FCF7-0B7C-49F3-9147-01F4042E6842,03D3C29ED9EE9248AE7E147A230AB0FB)
6:390  0:000  Searching volumes for latest nvram.plist ...
6:391  0:001  loaded Status=Not Found
6:391  0:000  PutNvramPlistToRtVars: nvram.plist not found
6:391  0:000  found 2 handles with audio
6:391  0:000  No AudioIoDevice stored
6:391  0:000  no stored audio parameters
6:391  0:000  Found Audio Device Realtek ALC892 (LineOut) at index 0
6:391  0:000  Found Audio Device Realtek ALC892 (LineOut) at index 1
6:391  0:000  Found Audio Device Realtek ALC892 (LineOut) at index 2
6:391  0:000  Found Audio Device Realtek ALC892 (Headphones) at index 3
6:391  0:000  Found Audio Device Realtek ALC892 (SPDIF) at index 4
6:391  0:000  Found Audio Device Intel Kaby Lake HDMI (HDMI) at index 5
6:391  0:000  === [ InitTheme ] ===============================
6:391  0:000  use night theme
6:399  0:008  Using theme 'Catalina' (EFI\CLOVER\themes\Catalina)
6:399  0:000  OS main and drive as badge
6:402  0:003    Channels: 1  Sample rate: 44100 Hz  Bits: 16
6:402  0:000  output to channel 0 with volume 70, len=228736
6:402  0:000   sound channels=1 bits=16 freq=44100
6:402  0:000  not found AudioIo to play
6:402  0:000  free sound
6:402  0:000  sound play end with status=Not Found
6:405  0:002    Channels: 1  Sample rate: 44100 Hz  Bits: 16
6:405  0:000  output to channel 0 with volume 70, len=228736
6:405  0:000   sound channels=1 bits=16 freq=44100
6:405  0:000  not found AudioIo to play
6:405  0:000  free sound
6:405  0:000  sound play end with status=Not Found
6:408  0:003  Loading font from ThemeDir: Success
6:408  0:000  theme inited
6:408  0:000  Chosen theme Catalina
6:408  0:000  after NVRAM boot-args=dart=0 kext-dev-mode=1 keepsyms=1 debug=0x100 npci=0x2000 nvda_drv=1 igfxcflbklt=force
6:408  0:000  === [ Dump SMC keys from NVRAM ] ================
6:408  0:000  found AppleSMC protocol
6:409  0:000  Registered 16 SMC keys
6:409  0:000  === [ ScanLoader ] ==============================
6:409  0:000  - [02]: 'EFI'
6:423  0:014          AddLoaderEntry for Volume Name=EFI
6:423  0:000          skipped because entry is hidden
6:423  0:000  - [04]: 'EFI'
6:434  0:010  - [06]: 'Preboot', hidden
6:434  0:000  - [07]: 'MAC'
6:459  0:025          AddLoaderEntry for Volume Name=MAC
6:466  0:006      hibernated: set as never
6:484  0:017          AddLoaderEntry for Volume Name=MAC
6:484  0:000          skipped because entry is hidden
6:484  0:000  - [08]: 'Recovery', hidden
6:484  0:000  - [09]: 'VM'
6:484  0:000  === [ AddCustomTool ] ===========================
6:489  0:005  EmuVariable InstallEmulation: EFI_ALREADY_STARTED
6:489  0:000  === [ GetEfiBootDeviceFromNvram ] ===============
6:489  0:000   - efi-boot-device-data: PciRoot(0x0)\Pci(0x17,0x0)\Sata(0x0,0xFFFF,0x0)\HD(2,GPT,BCA314D4-5F2A-43BF-9598-FA3CA108A0BF,0xC8800,0x3A2BD808)\VenMedia(BE74FCF7-0B7C-49F3-9147-01F4042E6842,A5AF435AE40F2F4FADC7305B5467A638)
6:489  0:000    - Volume: 'PciRoot(0x0)\Pci(0x17,0x0)\Sata(0x0,0xFFFF,0x0)\HD(2,GPT,BCA314D4-5F2A-43BF-9598-FA3CA108A0BF,0xC8800,0x3A2BD808)\VenMedia(BE74FCF7-0B7C-49F3-9147-01F4042E6842,A5AF435AE40F2F4FADC7305B5467A638)'
6:489  0:000    - LoaderPath: '<null string>'
6:489  0:000    - Guid = BCA314D4-5F2A-43BF-9598-FA3CA108A0BF
6:489  0:000  === [ FindStartupDiskVolume ] ===================
6:489  0:000    - Volume: partition = PciRoot(0x0)\Pci(0x17,0x0)\Sata(0x0,0xFFFF,0x0)\HD(2,GPT,BCA314D4-5F2A-43BF-9598-FA3CA108A0BF,0xC8800,0x3A2BD808)\VenMedia(BE74FCF7-0B7C-49F3-9147-01F4042E6842,A5AF435AE40F2F4FADC7305B5467A638)
6:489  0:000     - searching for that partition
6:489  0:000      - found entry 0. 'Boot macOS from MAC', Volume 'MAC'
6:489  0:000  Boot redirected to Entry 0. 'Boot macOS from MAC'
6:489  0:000  EmuVariable UninstallEmulation: CloseEvent = Success, original var services restored
6:489  0:000  DefaultIndex=0 and MainMenu.Entries.size()=5
6:825  0:335  GUI ready
10:580  3:755  exit from MainMenu 1
15:015  4:434  exit from MainMenu 1
36:034  21:019  EDITED: dart=0 kext-dev-mode=1 keepsyms=1 debug=0x100 npci=0x2000 nvda_drv=1 igfxcflbklt=force 
43:439  7:405  exit from MainMenu 1
66:232  22:792  exit from MainMenu 1
66:232  0:000  Boot option Boot0000 not found
66:232  0:000  === [ StartLoader ] =============================
66:232  0:000  Finally: ExternalClock=25MHz BusSpeed=99906kHz CPUFreq=3697MHz PIS: hw.busfrequency=100000000Hz
66:232  0:000  start loader
66:232  0:000  Loading boot.efi  status=Success
66:316  0:083  GetOSVersion: 10.14.6 (18G3020)
66:316  0:000  CSR_CFG: CSR_ALLOW_UNTRUSTED_KEXTS | CSR_ALLOW_UNRESTRICTED_FS | CSR_ALLOW_TASK_FOR_PID | CSR_ALLOW_UNRESTRICTED_DTRACE | CSR_ALLOW_UNRESTRICTED_NVRAM
66:316  0:000  Filtering KextPatches:
66:316  0:000   - [00]: com.apple.driver.usb.AppleUSBXHCI (disable port limit in XHCI kext (credit PMHeart)) :: BinPatch :: [OS: 10.14.6 | MatchOS: 10.13.4,10.13.5,10.13.6 | MatchBuild: All] ==> not allowed
66:316  0:000   - [01]: com.apple.driver.usb.AppleUSBXHCI (disable port limit in XHCI kext (credit PMHeart)) :: BinPatch :: [OS: 10.14.6 | MatchOS: 10.14.x | MatchBuild: All] ==> allowed
66:316  0:000   - [02]: IOUSBHostFamily (X299 Z270/370/390) :: BinPatch :: [OS: 10.14.6 | MatchOS: 10.14.x | MatchBuild: All] ==> allowed
66:316  0:000   - [03]: com.apple.driver.usb.AppleUSBXHCI (X299 Z270/370/390) :: BinPatch :: [OS: 10.14.6 | MatchOS: 10.14.x | MatchBuild: All] ==> allowed
66:316  0:000   - [04]: com.apple.driver.usb.AppleUSBXHCI (NoLabel) :: BinPatch :: [OS: 10.14.6 | MatchOS: 10.13.6 | MatchBuild: All] ==> not allowed
66:316  0:000   - [05]: com.apple.iokit.IOUSBHostFamily (USB Port Limit Patch 1 ©ydeng) :: BinPatch :: [OS: 10.14.6 | MatchOS: 10.14.x | MatchBuild: All] ==> allowed
66:316  0:000   - [06]: com.apple.iokit.IOUSBHostFamily (USB Port Limit Patch 3 ©ydeng) :: BinPatch :: [OS: 10.14.6 | MatchOS: 10.14.x | MatchBuild: All] ==> allowed
66:316  0:000   - [07]: com.apple.driver.usb.AppleUSBXHCI (USB Port Limit Patch 2 ©ydeng) :: BinPatch :: [OS: 10.14.6 | MatchOS: 10.14.x | MatchBuild: All] ==> allowed
66:316  0:000   - [08]: com.apple.driver.usb.AppleUSBXHCI (NoLabel) :: BinPatch :: [OS: 10.14.6 | MatchOS: 10.14.x | MatchBuild: All] ==> allowed
66:316  0:000   - [09]: com.apple.driver.usb.AppleUSBXHCI (USB Port Limit Patch 2 ©PMHeart) :: BinPatch :: [OS: 10.14.6 | MatchOS: 10.14.x | MatchBuild: All] ==> allowed
66:316  0:000   - [10]: IOGraphicsFamily (10.12) :: BinPatch :: [OS: 10.14.6 | MatchOS: All | MatchBuild: All] ==> disabled by user
66:316  0:000   - [11]: IOAHCIBlockStorage (Enable TRIM for SSD) :: BinPatch :: [OS: 10.14.6 | MatchOS: All | MatchBuild: All] ==> allowed
66:316  0:000   - [12]: AppleAHCIPort (Orange Disk) :: BinPatch :: [OS: 10.14.6 | MatchOS: All | MatchBuild: All] ==> disabled by user
66:316  0:000  Filtering KernelPatches:
66:316  0:000   - [00]: NoLabel :: [OS: 10.14.6 | MatchOS: 10.13 | MatchBuild: no] ==> not allowed by OS
66:316  0:000   - [01]: NoLabel :: [OS: 10.14.6 | MatchOS: 10.13 | MatchBuild: no] ==> not allowed by OS
66:316  0:000  Will not patch boot.efi
66:316  0:000  EmuVariable InstallEmulation: orig vars copied, emu.var.services installed, CreateEvent VirtualAddressChange = Success, CreateEvent ExitBootServices = Success, set Status=Success
66:357  0:041  === [ PatchSmbios ] =============================
66:357  0:000  insert table 9 for dev 0:0
66:357  0:000  Table 11 present, but rewritten for us
66:359  0:001  Trusting SMBIOS...
66:359  0:000  Channels: 2
66:359  0:000  Interleave: 0 2 1 3 4 6 5 7 8 10 9 11 12 14 13 15 16 18 17 19 20 22 21 23
66:359  0:000  SMBIOS Type 17 Index = 0 => 0 0:
66:359  0:000  BANK 0 DIMM0 EMPTY
66:359  0:000  SMBIOS Type 17 Index = 1 => 2 2:
66:359  0:000  BANK 1 DIMM0 EMPTY
66:359  0:000   partNum=CM4X8GF2666C16K2    
66:359  0:000  SMBIOS Type 17 Index = 2 => 1 1:
66:359  0:000  BANK 0 DIMM1 2667MHz 8192MB(Ext:0MB)
66:359  0:000   partNum=CM4X8GF2666C16K2    
66:359  0:000  SMBIOS Type 17 Index = 3 => 3 3:
66:359  0:000  BANK 1 DIMM1 2667MHz 8192MB(Ext:0MB)
66:359  0:000  mTotalSystemMemory = 16384
66:359  0:000  NumberOfMemoryDevices = 4
66:359  0:000  Type20[0]->End = 0x7FFFFF, Type17[2] = 0x2000
66:359  0:000  Type20[1]->End = 0xFFFFFF, Type17[3] = 0x6000
66:359  0:000  Table 131 is present, CPUType=35
66:359  0:000  Change to: 605
66:359  0:000  === [ PatchACPI ] ===============================
66:359  0:000  Xsdt reallocation done
66:359  0:000  old FADT length=114
66:359  0:000   SignatureFixup: 0xD968920D -> 0x0
66:360  0:001  Apply DsdtFixMask=0x00000000
66:360  0:000     drop _DSM mask=0x0000
66:360  0:000  === [ FixBiosDsdt ] =============================
66:361  0:000  Patching DSDT:
66:361  0:000   - [change _OSI to XOSI]: pattern A00A9353, patched at: [ (14BFE) ]
66:361  0:000   - [change EHC1 to EH01]: disabled
66:361  0:000   - [change EHC2 to EH02]: disabled
66:361  0:000   - [change HDAS to HDEF]: disabled
66:361  0:000   - [change HECI to IMEI]: disabled
66:361  0:000   - [change MEI to IMEI]: disabled
66:361  0:000   - [_STA  to XSTA]: - [change GFX0 to IGPU]: pattern 47465830, patched at: [ (52) (E) (12) (12) (12) (5E) (12) (77) (12) (C90) (12) (3C92) (6C58) (C13F) (1B) (3B8F) (14) (D5D3) (1DD8) (13DCD) ]
66:362  0:001    0 replacements
66:364  0:001  PreCleanup XSDT: count=20, length=196
66:364  0:000  PreCleanup XSDT, corrected XSDT: count=20, length=196
66:364  0:000  === [ ACPIDropTables ] ==========================
66:364  0:000  Drop tables from XSDT, SIGN=BGRT TableID=A M I  Length=56
66:364  0:000   Table[18]: BGRT  A M I   56 dropped
66:364  0:000  Patching SSDT CpuSsdt Length=7007
66:364  0:000  0. [change _OSI to XOSI]: pattern A00A9353, bin not found / already patched!
66:364  0:000  1. [change EHC1 to EH01]: disabled
66:364  0:000  2. [change EHC2 to EH02]: disabled
66:364  0:000  3. [change HDAS to HDEF]: disabled
66:364  0:000  4. [change HECI to IMEI]: disabled
66:364  0:000  5. [change MEI to IMEI]: disabled
66:364  0:000  6. [_STA  to XSTA]: pattern 5F535441, bin not found / already patched!
66:364  0:000  7. [change GFX0 to IGPU]: pattern 47465830, bin not found / already patched!
66:364  0:000    0 replacements
66:364  0:000  Found OperationRegion(PNVS, SystemMemory, 2FDB4000, ...)
66:364  0:000  Patching SSDT SaSsdt  Length=12742
66:364  0:000  0. [change _OSI to XOSI]: pattern A00A9353, bin not found / already patched!
66:364  0:000  1. [change EHC1 to EH01]: disabled
66:364  0:000  2. [change EHC2 to EH02]: disabled
66:364  0:000  3. [change HDAS to HDEF]: disabled
66:364  0:000  4. [change HECI to IMEI]: disabled
66:364  0:000  5. [change MEI to IMEI]: disabled
66:364  0:000  6. [_STA  to XSTA]: pattern 5F535441, patched at: [ (313F) ]
66:364  0:000  7. [change GFX0 to IGPU]: pattern 47465830, patched at: [ (2D) (3A) (46) (2C1) (1C9A) (A3A) (1D) (6AF) ]
66:364  0:000    0 replacements
66:364  0:000  Found OperationRegion(SANV, SystemMemory, 3A41E818, ...)
66:364  0:000  Patching SSDT Ther_Rvp Length=4014
66:364  0:000  0. [change _OSI to XOSI]: pattern A00A9353, bin not found / already patched!
66:364  0:000  1. [change EHC1 to EH01]: disabled
66:364  0:000  2. [change EHC2 to EH02]: disabled
66:364  0:000  3. [change HDAS to HDEF]: disabled
66:364  0:000  4. [change HECI to IMEI]: disabled
66:364  0:000  5. [change MEI to IMEI]: disabled
66:364  0:000  6. [_STA  to XSTA]: pattern 5F535441, patched at: [ (335) (9D) (9D) (9E) (9E) ]
66:364  0:000  7. [change GFX0 to IGPU]: pattern 47465830, bin not found / already patched!
66:364  0:000    0 replacements
66:364  0:000  Patching SSDT xh_cfsd4 Length=12242
66:364  0:000  0. [change _OSI to XOSI]: pattern A00A9353, bin not found / already patched!
66:364  0:000  1. [change EHC1 to EH01]: disabled
66:364  0:000  2. [change EHC2 to EH02]: disabled
66:364  0:000  3. [change HDAS to HDEF]: disabled
66:364  0:000  4. [change HECI to IMEI]: disabled
66:364  0:000  5. [change MEI to IMEI]: disabled
66:364  0:000  6. [_STA  to XSTA]: pattern 5F535441, bin not found / already patched!
66:364  0:000  7. [change GFX0 to IGPU]: pattern 47465830, bin not found / already patched!
66:364  0:000    0 replacements
66:364  0:000  Patching SSDT PtidDevc Length=10206
66:364  0:000  0. [change _OSI to XOSI]: pattern A00A9353, bin not found / already patched!
66:364  0:000  1. [change EHC1 to EH01]: disabled
66:364  0:000  2. [change EHC2 to EH02]: disabled
66:364  0:000  3. [change HDAS to HDEF]: disabled
66:364  0:000  4. [change HECI to IMEI]: disabled
66:364  0:000  5. [change MEI to IMEI]: disabled
66:364  0:000  6. [_STA  to XSTA]: pattern 5F535441, patched at: [ (846) ]
66:364  0:000  7. [change GFX0 to IGPU]: pattern 47465830, bin not found / already patched!
66:364  0:000    0 replacements
66:364  0:000  Patching SSDT TbtTypeC Length=5346
66:364  0:000  0. [change _OSI to XOSI]: pattern A00A9353, bin not found / already patched!
66:364  0:000  1. [change EHC1 to EH01]: disabled
66:364  0:000  2. [change EHC2 to EH02]: disabled
66:364  0:000  3. [change HDAS to HDEF]: disabled
66:364  0:000  4. [change HECI to IMEI]: disabled
66:364  0:000  5. [change MEI to IMEI]: disabled
66:364  0:000  6. [_STA  to XSTA]: pattern 5F535441, bin not found / already patched!
66:364  0:000  7. [change GFX0 to IGPU]: pattern 47465830, bin not found / already patched!
66:364  0:000    0 replacements
66:364  0:000  Patching SSDT UsbCTabl Length=7015
66:364  0:000  0. [change _OSI to XOSI]: pattern A00A9353, bin not found / already patched!
66:364  0:000  1. [change EHC1 to EH01]: disabled
66:364  0:000  2. [change EHC2 to EH02]: disabled
66:364  0:000  3. [change HDAS to HDEF]: disabled
66:364  0:000  4. [change HECI to IMEI]: disabled
66:364  0:000  5. [change MEI to IMEI]: disabled
66:364  0:000  6. [_STA  to XSTA]: pattern 5F535441, patched at: [ (C35) ]
66:364  0:000  7. [change GFX0 to IGPU]: pattern 47465830, bin not found / already patched!
66:364  0:000    0 replacements
66:364  0:000  Patching SSDT ADebTabl Length=324
66:364  0:000  0. [change _OSI to XOSI]: pattern A00A9353, bin not found / already patched!
66:364  0:000  1. [change EHC1 to EH01]: disabled
66:364  0:000  2. [change EHC2 to EH02]: disabled
66:364  0:000  3. [change HDAS to HDEF]: disabled
66:364  0:000  4. [change HECI to IMEI]: disabled
66:364  0:000  5. [change MEI to IMEI]: disabled
66:364  0:000  6. [_STA  to XSTA]: pattern 5F535441, bin not found / already patched!
66:364  0:000  7. [change GFX0 to IGPU]: pattern 47465830, bin not found / already patched!
66:364  0:000    0 replacements
66:364  0:000  Found OperationRegion(ADHD, SystemMemory, 39B46000, ...)
66:364  0:000  Found OperationRegion(ABLK, SystemMemory, 39B46020, ...)
66:364  0:000  === [ ACPIPatchedAML ] ==========================
66:364  0:000  Unsorted
66:364  0:000  Inserting SSDT-UIAC-ALL.aml from EFI\CLOVER\ACPI\patched: size=7540 ... Success
66:365  0:001  Inserting SSDT-APMC.aml from EFI\CLOVER\ACPI\patched: size=128 ... Success
66:366  0:001  ApicCPUNum=1
66:366  0:000  Maximum control=0x25
66:366  0:000  Turbo control=0x2E
66:366  0:000  P-States: min 0x8, max 0x2E
66:366  0:000  SSDT with CPU P-States and plugin-type generated successfully
66:366  0:000  SSDT with CPU C-States generated successfully
66:366  0:000  Cleanup XSDT: count=24, length=228
66:366  0:000  corrected XSDT count=23, length=220
66:366  0:000  === [ RestSetup macOS ] =========================
66:366  0:000  EdidDiscovered size=128
66:366  0:000  --- Discovered EDID Table size:128
66:366  0:000  000  |  00  FF  FF  FF  FF  FF  FF  00  05  E3
66:366  0:000  010  |  91  24  EA  1F  00  00  29  1B  01  03
66:366  0:000  020  |  80  34  1D  78  2A  4E  C0  A6  55  50
66:366  0:000  030  |  9C  26  11  50  54  BF  EF  00  D1  C0
66:366  0:000  040  |  B3  00  95  00  81  80  81  40  81  C0
66:366  0:000  050  |  01  01  01  01  02  3A  80  18  71  38
66:366  0:000  060  |  2D  40  58  2C  45  00  09  25  21  00
66:366  0:000  070  |  00  1E  00  00  00  FD  00  32  4C  1E
66:366  0:000  080  |  53  11  00  0A  20  20  20  20  20  20
66:366  0:000  090  |  00  00  00  FC  00  32  34  39  31  57
66:366  0:000  100  |  0A  20  20  20  20  20  20  20  00  00
66:366  0:000  110  |  00  FF  00  41  45  39  31  37  34  31
66:366  0:000  120  |  57  30  38  31  37  30  01  70
66:366  0:000  add device: PciRoot(0x0)/Pci(0x2,0x0)
66:366  0:000     Add key=framebuffer-unifiedmem valuelen=4
66:366  0:000     Add key=framebuffer-patch-enable valuelen=4
66:366  0:000     Add key=framebuffer-con2-type valuelen=4
66:366  0:000     Add key=framebuffer-con2-pipe valuelen=4
66:366  0:000     Add key=framebuffer-con2-enable valuelen=4
66:366  0:000     Add key=framebuffer-con2-busid valuelen=4
66:366  0:000     Add key=framebuffer-con1-pipe valuelen=4
66:366  0:000     Add key=framebuffer-con1-enable valuelen=4
66:366  0:000     Add key=framebuffer-con1-busid valuelen=4
66:366  0:000     Add key=framebuffer-con0-pipe valuelen=4
66:366  0:000     Add key=framebuffer-con0-enable valuelen=4
66:366  0:000     Add key=enable-hdmi20 valuelen=4
66:366  0:000     Add key=device-id valuelen=4
66:366  0:000     Add key=AAPL,ig-platform-id valuelen=4
66:366  0:000  add device: PciRoot(0x0)/Pci(0x1F,0x3)
66:366  0:000     Add key=layout-id valuelen=4
66:366  0:000     Add key=device-id valuelen=4
66:366  0:000  Intel GFX injection not set
66:367  0:000   RCBA disabled; cannot use it
66:367  0:000  stringlength = 2502
66:367  0:000  CurrentMode: Width=1920 Height=1080
66:367  0:000  Beginning FSInjection
FSInjectionInstall ...
- Our FSI_SIMPLE_FILE_SYSTEM_PROTOCOL installed on handle: 34180798
FSInjectionInstall ...
- Our FSI_SIMPLE_FILE_SYSTEM_PROTOCOL installed on handle: 34180798
66:369  0:002  ** Warning: Your MLB is not suitable for iMessage(must be 17 chars long) !
66:370  0:000  Use origin smbios table type 1 guid.
66:372  0:002    Force kext: System\Library\Extensions\IONetworkingFamily.kext
66:396  0:024      Force PlugIn kext: System\Library\Extensions\IONetworkingFamily.kext\Contents\PlugIns\nvenet.kext
66:404  0:008      Force PlugIn kext: System\Library\Extensions\IONetworkingFamily.kext\Contents\PlugIns\AppleEthernetAquantiaAqtion.kext
66:416  0:011      Force PlugIn kext: System\Library\Extensions\IONetworkingFamily.kext\Contents\PlugIns\AppleBCM5701Ethernet.kext
66:428  0:012      Force PlugIn kext: System\Library\Extensions\IONetworkingFamily.kext\Contents\PlugIns\AppleIntelI210Ethernet.kext
66:436  0:008      Force PlugIn kext: System\Library\Extensions\IONetworkingFamily.kext\Contents\PlugIns\Intel82574L.kext
66:445  0:008      Force PlugIn kext: System\Library\Extensions\IONetworkingFamily.kext\Contents\PlugIns\IOEthernetAVBController.kext
66:451  0:005      Force PlugIn kext: System\Library\Extensions\IONetworkingFamily.kext\Contents\PlugIns\AppleYukon2.kext
66:476  0:024      Force PlugIn kext: System\Library\Extensions\IONetworkingFamily.kext\Contents\PlugIns\AppleEthernetAquantiaAqtionFirmware.kext
66:484  0:008      Force PlugIn kext: System\Library\Extensions\IONetworkingFamily.kext\Contents\PlugIns\AppleIntel8254XEthernet.kext
66:491  0:007      Force PlugIn kext: System\Library\Extensions\IONetworkingFamily.kext\Contents\PlugIns\AppleVmxnet3Ethernet.kext
66:498  0:007      Force PlugIn kext: System\Library\Extensions\IONetworkingFamily.kext\Contents\PlugIns\mDNSOffloadUserClient.kext
66:505  0:006  Preparing kexts injection for arch=x86_64 from EFI\CLOVER\kexts\Other
66:505  0:000  ->Extra kext: EFI\CLOVER\kexts\Other\WhateverGreen.kext (v.1.3.7)
66:517  0:011  ->Extra kext: EFI\CLOVER\kexts\Other\USBPorts.kext (v.1.0)
66:522  0:005  ->Extra kext: EFI\CLOVER\kexts\Other\SystemProfilerMemoryFixup.kext (v.1.0.0)
66:529  0:006  ->Extra kext: EFI\CLOVER\kexts\Other\RealtekRTL8111.kext (v.2.2.2)
66:537  0:008  ->Extra kext: EFI\CLOVER\kexts\Other\Lilu.kext (v.1.4.2)
66:546  0:008  ->Extra kext: EFI\CLOVER\kexts\Other\IntelMausiEthernet.kext (v.2.5.0d0)
66:555  0:008  ->Extra kext: EFI\CLOVER\kexts\Other\FakeSMC_v1800.kext (v.1800)
66:565  0:010  ->Extra kext: EFI\CLOVER\kexts\Other\FakeSMC_SMMSensors.kext (v.1800)
66:573  0:007  ->Extra kext: EFI\CLOVER\kexts\Other\FakeSMC_LPCSensors.kext (v.1800)
66:664  0:091  ->Extra kext: EFI\CLOVER\kexts\Other\FakeSMC_GPUSensors.kext (v.1800)
66:674  0:009  ->Extra kext: EFI\CLOVER\kexts\Other\FakeSMC_CPUSensors.kext (v.1800)
66:681  0:007  ->Extra kext: EFI\CLOVER\kexts\Other\FakeSMC_ACPISensors.kext (v.1800)
66:691  0:010  ->Extra kext: EFI\CLOVER\kexts\Other\EnergyDriver.kext (v.3.5.5)
66:700  0:008  ->Extra kext: EFI\CLOVER\kexts\Other\AppleALC.kext (v.1.4.7)
67:263  0:563  ->Extra kext: EFI\CLOVER\kexts\Other\AGPMInjector.kext (v.110.25.11)
67:275  0:011  Preparing kexts injection for arch=x86_64 from EFI\CLOVER\kexts\Off
67:275  0:000  Preparing kexts injection for arch=x86_64 from EFI\CLOVER\kexts\10
67:275  0:000  Preparing kexts injection for arch=x86_64 from EFI\CLOVER\kexts\10_normal
67:275  0:000  Preparing kexts injection for arch=x86_64 from EFI\CLOVER\kexts\10.14
67:275  0:000  Preparing kexts injection for arch=x86_64 from EFI\CLOVER\kexts\10.14_normal
67:275  0:000  Preparing kexts injection for arch=x86_64 from EFI\CLOVER\kexts\10.14.6
67:275  0:000  Preparing kexts injection for arch=x86_64 from EFI\CLOVER\kexts\10.14.6_normal
67:277  0:002  SetScreenResolution: 1920x1080 - already set
67:277  0:000  Custom boot is disabled
67:277  0:000  Closing log
